<?xml version="1.0" encoding="UTF-8"?>
<!-- Generated by org.testng.reporters.JUnitXMLReporter -->
<testsuite hostname="sasi-HP" name="Default test" tests="4" failures="0" timestamp="4 Oct 2020 21:05:07 GMT" time="64.564" errors="0">
  <testcase name="verifySummerDressPage" time="2.356" classname="qa.testpages.tests.HomePageAutoPracticeTest"/>
  <testcase name="verifyItemDeletedFromCart" time="13.64" classname="qa.testpages.tests.HomePageAutoPracticeTest"/>
  <testcase name="verifyUserRegister" time="7.081" classname="qa.testpages.tests.HomePageAutoPracticeTest"/>
  <testcase name="verifySliderChangesPriceRange" time="1.921" classname="qa.testpages.tests.HomePageAutoPracticeTest"/>
</testsuite> <!-- Default test -->
