<?xml version="1.0" encoding="UTF-8"?>
<!-- Generated by org.testng.reporters.JUnitXMLReporter -->
<testsuite hostname="sasi-HP" name="AutomationPractice tests" tests="12" failures="0" timestamp="4 Oct 2020 21:10:40 GMT" time="149.348" errors="0">
  <testcase name="verifySummerDressPage" time="2.281" classname="qa.testpages.tests.HomePageAutoPracticeTest"/>
  <testcase name="verifyItemDeletedFromCart" time="13.564" classname="qa.testpages.tests.HomePageAutoPracticeTest"/>
  <testcase name="verifyUserRegister" time="6.894" classname="qa.testpages.tests.HomePageAutoPracticeTest"/>
  <testcase name="verifySliderChangesPriceRange" time="3.17" classname="qa.testpages.tests.HomePageAutoPracticeTest"/>
  <testcase name="verifyInvalidLogin" time="11.189" classname="qa.testpages.tests.HomePageHerokuappTest"/>
  <testcase name="verifyInvalidLogin" time="11.549" classname="qa.testpages.tests.HomePageHerokuappTest"/>
  <testcase name="verifyValidLogin" time="1.567" classname="qa.testpages.tests.HomePageHerokuappTest"/>
  <testcase name="verifyPageScroll" time="9.452" classname="qa.testpages.tests.HomePageHerokuappTest"/>
  <testcase name="verifyKeyPress" time="0.511" classname="qa.testpages.tests.HomePageHerokuappTest"/>
  <testcase name="verifyKeyPress" time="0.446" classname="qa.testpages.tests.HomePageHerokuappTest"/>
  <testcase name="verifyKeyPress" time="0.391" classname="qa.testpages.tests.HomePageHerokuappTest"/>
  <testcase name="verifyKeyPress" time="0.476" classname="qa.testpages.tests.HomePageHerokuappTest"/>
</testsuite> <!-- AutomationPractice tests -->
